#
# There is insufficient memory for the Java Runtime Environment to continue.
# Native memory allocation (malloc) failed to allocate 32744 bytes for ChunkPool::allocate
# Possible reasons:
#   The system is out of physical RAM or swap space
#   In 32 bit mode, the process size limit was hit
# Possible solutions:
#   Reduce memory load on the system
#   Increase physical memory or swap space
#   Check if swap backing store is full
#   Use 64 bit Java on a 64 bit OS
#   Decrease Java heap size (-Xmx/-Xms)
#   Decrease number of Java threads
#   Decrease Java thread stack sizes (-Xss)
#   Set larger code cache with -XX:ReservedCodeCacheSize=
# This output file may be truncated or incomplete.
#
#  Out of Memory Error (allocation.cpp:273), pid=9700, tid=0x00000000000027e4
#
# JRE version: Java(TM) SE Runtime Environment (8.0_121-b13) (build 1.8.0_121-b13)
# Java VM: Java HotSpot(TM) 64-Bit Server VM (25.121-b13 mixed mode windows-amd64 compressed oops)
# Failed to write core dump. Minidumps are not enabled by default on client versions of Windows
#

---------------  T H R E A D  ---------------

Current thread (0x0000000014d22800):  JavaThread "C2 CompilerThread1" daemon [_thread_in_native, id=10212, stack(0x0000000016470000,0x0000000016570000)]

Stack: [0x0000000016470000,0x0000000016570000]
[error occurred during error reporting (printing stack bounds), id 0xc0000005]

Native frames: (J=compiled Java code, j=interpreted, Vv=VM code, C=native code)


Current CompileTask:
C2:  97497  776       4       javax.swing.Timer$1::run (5 bytes)


---------------  P R O C E S S  ---------------

Java Threads: ( => current thread )
  0x00000000169e1000 JavaThread "D3D Screen Updater" daemon [_thread_blocked, id=7140, stack(0x0000000019ec0000,0x0000000019fc0000)]
  0x0000000002a80800 JavaThread "DestroyJavaVM" [_thread_blocked, id=4992, stack(0x0000000002920000,0x0000000002a20000)]
  0x0000000016a46000 JavaThread "TimerQueue" daemon [_thread_blocked, id=8780, stack(0x0000000019dc0000,0x0000000019ec0000)]
  0x00000000169f0800 JavaThread "AWT-EventQueue-0" [_thread_blocked, id=8280, stack(0x00000000198e0000,0x00000000199e0000)]
  0x00000000169c4000 JavaThread "AWT-Windows" daemon [_thread_in_native, id=8488, stack(0x0000000017140000,0x0000000017240000)]
  0x00000000169c1800 JavaThread "AWT-Shutdown" [_thread_blocked, id=9628, stack(0x0000000017040000,0x0000000017140000)]
  0x0000000016975000 JavaThread "Java2D Disposer" daemon [_thread_blocked, id=8768, stack(0x0000000016f40000,0x0000000017040000)]
  0x00000000166a8800 JavaThread "Service Thread" daemon [_thread_blocked, id=9472, stack(0x0000000016a70000,0x0000000016b70000)]
  0x0000000014d29800 JavaThread "C1 CompilerThread2" daemon [_thread_blocked, id=3244, stack(0x0000000016570000,0x0000000016670000)]
=>0x0000000014d22800 JavaThread "C2 CompilerThread1" daemon [_thread_in_native, id=10212, stack(0x0000000016470000,0x0000000016570000)]
  0x0000000014d1f000 JavaThread "C2 CompilerThread0" daemon [_thread_blocked, id=8720, stack(0x0000000016370000,0x0000000016470000)]
  0x0000000014d1a000 JavaThread "Attach Listener" daemon [_thread_blocked, id=9580, stack(0x0000000016270000,0x0000000016370000)]
  0x0000000014d19000 JavaThread "Signal Dispatcher" daemon [_thread_blocked, id=8348, stack(0x0000000016170000,0x0000000016270000)]
  0x0000000014d0a000 JavaThread "Finalizer" daemon [_thread_blocked, id=9840, stack(0x0000000015f90000,0x0000000016090000)]
  0x0000000002b6f000 JavaThread "Reference Handler" daemon [_thread_blocked, id=9420, stack(0x0000000015e90000,0x0000000015f90000)]

Other Threads:
  0x0000000014ce7000 VMThread [stack: 0x0000000015d90000,0x0000000015e90000] [id=9504]
  0x00000000166ab800 WatcherThread [stack: 0x0000000016b70000,0x0000000016c70000] [id=2616]

VM state:not at safepoint (normal execution)

VM Mutex/Monitor currently owned by a thread: None

Heap:
 PSYoungGen      total 16896K, used 8024K [0x00000000eda00000, 0x00000000eec80000, 0x0000000100000000)
  eden space 14848K, 54% used [0x00000000eda00000,0x00000000ee1d6078,0x00000000ee880000)
  from space 2048K, 0% used [0x00000000eea80000,0x00000000eea80000,0x00000000eec80000)
  to   space 2048K, 0% used [0x00000000ee880000,0x00000000ee880000,0x00000000eea80000)
 ParOldGen       total 38400K, used 0K [0x00000000c8e00000, 0x00000000cb380000, 0x00000000eda00000)
  object space 38400K, 0% used [0x00000000c8e00000,0x00000000c8e00000,0x00000000cb380000)
 Metaspace       used 8566K, capacity 8742K, committed 8832K, reserved 1056768K
  class space    used 1035K, capacity 1125K, committed 1152K, reserved 1048576K

Card table byte_map: [0x0000000011f40000,0x0000000012100000] byte_map_base: 0x00000000118f9000

Marking Bits: (ParMarkBitMap*) 0x000000006b95b6d0
 Begin Bits: [0x0000000012630000, 0x00000000133f8000)
 End Bits:   [0x00000000133f8000, 0x00000000141c0000)

Polling page: 0x0000000000f60000

CodeCache: size=245760Kb used=2731Kb max_used=2746Kb free=243028Kb
 bounds [0x0000000002b80000, 0x0000000002e40000, 0x0000000011b80000]
 total_blobs=1212 nmethods=775 adapters=351
 compilation: enabled

Compilation events (10 events):
Event: 97.232 Thread 0x0000000014d1f000 nmethod 771 0x0000000002e173d0 code [0x0000000002e17520, 0x0000000002e175f8]
Event: 97.265 Thread 0x0000000014d22800  772       4       java.util.concurrent.TimeUnit$3::toNanos (11 bytes)
Event: 97.266 Thread 0x0000000014d22800 nmethod 772 0x0000000002e013d0 code [0x0000000002e01500, 0x0000000002e015d8]
Event: 97.281 Thread 0x0000000014d1f000  773       4       java.util.PriorityQueue::poll (64 bytes)
Event: 97.281 Thread 0x0000000014d22800  774       4       javax.swing.Timer::post (36 bytes)
Event: 97.284 Thread 0x0000000014d1f000 nmethod 773 0x0000000002e01050 code [0x0000000002e011a0, 0x0000000002e012b8]
Event: 97.285 Thread 0x0000000014d22800 nmethod 774 0x0000000002e00c90 code [0x0000000002e00de0, 0x0000000002e00f28]
Event: 97.298 Thread 0x0000000014d1f000  775       4       java.util.concurrent.locks.AbstractQueuedSynchronizer$ConditionObject::doSignal (43 bytes)
Event: 97.305 Thread 0x0000000014d1f000 nmethod 775 0x0000000002e22050 code [0x0000000002e221a0, 0x0000000002e22398]
Event: 97.367 Thread 0x0000000014d22800  776       4       javax.swing.Timer$1::run (5 bytes)

GC Heap History (0 events):
No events

Deoptimization events (2 events):
Event: 1.366 Thread 0x0000000002a80800 Uncommon trap: reason=null_check action=make_not_entrant pc=0x0000000002d008f8 method=java.lang.String.equals(Ljava/lang/Object;)Z @ 8
Event: 3.017 Thread 0x00000000169f0800 Uncommon trap: reason=unstable_if action=reinterpret pc=0x0000000002d9e5e8 method=sun.font.CMap$CMapFormat4.getGlyph(I)C @ 181

Internal exceptions (10 events):
Event: 0.200 Thread 0x0000000002a80800 Exception <a 'java/lang/NoSuchMethodError': Method sun.misc.Unsafe.prefetchRead(Ljava/lang/Object;J)V name or signature does not match> (0x00000000eda07f90) thrown at [C:\re\workspace\8-2-build-windows-amd64-cygwin\jdk8u121\8372\hotspot\src\share\vm\prims
Event: 0.633 Thread 0x0000000002a80800 Exception <a 'java/security/PrivilegedActionException'> (0x00000000eda83ea0) thrown at [C:\re\workspace\8-2-build-windows-amd64-cygwin\jdk8u121\8372\hotspot\src\share\vm\prims\jvm.cpp, line 1390]
Event: 0.633 Thread 0x0000000002a80800 Exception <a 'java/security/PrivilegedActionException'> (0x00000000eda840b0) thrown at [C:\re\workspace\8-2-build-windows-amd64-cygwin\jdk8u121\8372\hotspot\src\share\vm\prims\jvm.cpp, line 1390]
Event: 0.641 Thread 0x0000000002a80800 Exception <a 'java/security/PrivilegedActionException'> (0x00000000eda87d20) thrown at [C:\re\workspace\8-2-build-windows-amd64-cygwin\jdk8u121\8372\hotspot\src\share\vm\prims\jvm.cpp, line 1390]
Event: 0.641 Thread 0x0000000002a80800 Exception <a 'java/security/PrivilegedActionException'> (0x00000000eda87f30) thrown at [C:\re\workspace\8-2-build-windows-amd64-cygwin\jdk8u121\8372\hotspot\src\share\vm\prims\jvm.cpp, line 1390]
Event: 0.659 Thread 0x0000000002a80800 Exception <a 'java/io/FileNotFoundException'> (0x00000000eda8a4e8) thrown at [C:\re\workspace\8-2-build-windows-amd64-cygwin\jdk8u121\8372\hotspot\src\share\vm\prims\jni.cpp, line 709]
Event: 0.856 Thread 0x0000000002a80800 Exception <a 'java/lang/NoSuchFieldError': method resolution failed> (0x00000000edba2088) thrown at [C:\re\workspace\8-2-build-windows-amd64-cygwin\jdk8u121\8372\hotspot\src\share\vm\prims\methodHandles.cpp, line 1146]
Event: 0.868 Thread 0x0000000002a80800 Exception <a 'java/lang/NoSuchFieldError': method resolution failed> (0x00000000edbaf458) thrown at [C:\re\workspace\8-2-build-windows-amd64-cygwin\jdk8u121\8372\hotspot\src\share\vm\prims\methodHandles.cpp, line 1146]
Event: 1.070 Thread 0x0000000002a80800 Exception <a 'java/io/FileNotFoundException'> (0x00000000edc430c8) thrown at [C:\re\workspace\8-2-build-windows-amd64-cygwin\jdk8u121\8372\hotspot\src\share\vm\prims\jni.cpp, line 709]
Event: 1.366 Thread 0x0000000002a80800 Implicit null exception at 0x0000000002d00722 to 0x0000000002d008e9

Events (10 events):
Event: 3.017 Thread 0x00000000169f0800 DEOPT PACKING pc=0x0000000002d9e5e8 sp=0x00000000199dcab0
Event: 3.017 Thread 0x00000000169f0800 DEOPT UNPACKING pc=0x0000000002bc582a sp=0x00000000199dca20 mode 2
Event: 4.549 Executing VM operation: EnableBiasedLocking
Event: 4.549 Executing VM operation: EnableBiasedLocking done
Event: 4.707 loading class java/awt/KeyboardFocusManager$2
Event: 4.707 loading class java/awt/KeyboardFocusManager$2 done
Event: 4.708 loading class sun/awt/SunToolkit$1
Event: 4.708 loading class sun/awt/SunToolkit$1 done
Event: 85.882 loading class java/security/DomainCombiner
Event: 85.882 loading class java/security/DomainCombiner done


Dynamic libraries:
0x00007ff7006d0000 - 0x00007ff700707000 	C:\Program Files\Java\jre1.8.0_121\bin\javaw.exe
0x00007ffb0eb50000 - 0x00007ffb0ecfd000 	C:\windows\SYSTEM32\ntdll.dll
0x00007ffb0e8f0000 - 0x00007ffb0ea2f000 	C:\windows\system32\KERNEL32.DLL
0x00007ffb0be80000 - 0x00007ffb0bf96000 	C:\windows\system32\KERNELBASE.dll
0x00007ffb0a840000 - 0x00007ffb0a8ce000 	C:\windows\system32\apphelp.dll
0x00007ffae5030000 - 0x00007ffae5084000 	C:\windows\AppPatch\AppPatch64\AcGenral.DLL
0x00007ffb0e840000 - 0x00007ffb0e8ea000 	C:\windows\system32\msvcrt.dll
0x00007ffb0be50000 - 0x00007ffb0be7e000 	C:\windows\system32\SspiCli.dll
0x00007ffb0eaf0000 - 0x00007ffb0eb44000 	C:\windows\system32\SHLWAPI.dll
0x00007ffb0c790000 - 0x00007ffb0c907000 	C:\windows\system32\USER32.dll
0x00007ffb0d170000 - 0x00007ffb0d304000 	C:\windows\system32\ole32.dll
0x00007ffb0d310000 - 0x00007ffb0e83b000 	C:\windows\system32\SHELL32.dll
0x00007ffb0b2c0000 - 0x00007ffb0b2e1000 	C:\windows\SYSTEM32\USERENV.dll
0x00007ffb0c340000 - 0x00007ffb0c3ea000 	C:\windows\system32\ADVAPI32.dll
0x00007ffafb5c0000 - 0x00007ffafb5de000 	C:\windows\SYSTEM32\MPR.dll
0x00007ffb0cb10000 - 0x00007ffb0cc50000 	C:\windows\system32\RPCRT4.dll
0x00007ffb0d110000 - 0x00007ffb0d169000 	C:\windows\SYSTEM32\sechost.dll
0x00007ffb0cc50000 - 0x00007ffb0ce60000 	C:\windows\SYSTEM32\combase.dll
0x00007ffb0c1e0000 - 0x00007ffb0c32c000 	C:\windows\system32\GDI32.dll
0x00007ffb0bc80000 - 0x00007ffb0bc95000 	C:\windows\SYSTEM32\profapi.dll
0x00007ffb0a120000 - 0x00007ffb0a1d2000 	C:\windows\SYSTEM32\SHCORE.dll
0x00007ffb0c750000 - 0x00007ffb0c786000 	C:\windows\system32\IMM32.DLL
0x00007ffb0cfb0000 - 0x00007ffb0d101000 	C:\windows\system32\MSCTF.dll
0x00007ffb09650000 - 0x00007ffb098cb000 	C:\windows\WinSxS\amd64_microsoft.windows.common-controls_6595b64144ccf1df_6.0.9600.19291_none_6248a9f3ecb5e89b\COMCTL32.dll
0x000000006af50000 - 0x000000006b022000 	C:\Program Files\Java\jre1.8.0_121\bin\msvcr100.dll
0x000000006b140000 - 0x000000006b9db000 	C:\Program Files\Java\jre1.8.0_121\bin\server\jvm.dll
0x00007ffafeb70000 - 0x00007ffafeb79000 	C:\windows\SYSTEM32\WSOCK32.dll
0x00007ffb05f90000 - 0x00007ffb05fb2000 	C:\windows\SYSTEM32\WINMM.dll
0x00007ffb09640000 - 0x00007ffb0964a000 	C:\windows\SYSTEM32\VERSION.dll
0x00007ffb0cfa0000 - 0x00007ffb0cfa7000 	C:\windows\system32\PSAPI.DLL
0x00007ffb0ce60000 - 0x00007ffb0ceba000 	C:\windows\system32\WS2_32.dll
0x00007ffb05f60000 - 0x00007ffb05f8a000 	C:\windows\SYSTEM32\WINMMBASE.dll
0x00007ffb0c6d0000 - 0x00007ffb0c6d9000 	C:\windows\system32\NSI.dll
0x00007ffb0be00000 - 0x00007ffb0be4f000 	C:\windows\SYSTEM32\cfgmgr32.dll
0x00007ffb0aa90000 - 0x00007ffb0aab8000 	C:\windows\SYSTEM32\DEVOBJ.dll
0x000000006b130000 - 0x000000006b13f000 	C:\Program Files\Java\jre1.8.0_121\bin\verify.dll
0x000000006b100000 - 0x000000006b129000 	C:\Program Files\Java\jre1.8.0_121\bin\java.dll
0x000000006b0e0000 - 0x000000006b0f6000 	C:\Program Files\Java\jre1.8.0_121\bin\zip.dll
0x000000006adb0000 - 0x000000006af48000 	C:\Program Files\Java\jre1.8.0_121\bin\awt.dll
0x00007ffb0ced0000 - 0x00007ffb0cf97000 	C:\windows\system32\OLEAUT32.dll
0x00007ffb0a750000 - 0x00007ffb0a771000 	C:\windows\system32\DWMAPI.DLL
0x00007ffb0a910000 - 0x00007ffb0aa39000 	C:\windows\system32\uxtheme.dll
0x00007ffae4f00000 - 0x00007ffae502b000 	C:\windows\system32\opengl32.dll
0x00007ffae5e30000 - 0x00007ffae5e5e000 	C:\windows\SYSTEM32\GLU32.dll
0x00007ffae4650000 - 0x00007ffae4748000 	C:\windows\SYSTEM32\DDRAW.dll
0x00007ffaece20000 - 0x00007ffaece29000 	C:\windows\SYSTEM32\DCIMAN32.dll
0x00007ffb00ad0000 - 0x00007ffb00b7b000 	C:\Program Files\Common Files\microsoft shared\ink\tiptsf.dll
0x00007ffb0aae0000 - 0x00007ffb0aaeb000 	C:\windows\SYSTEM32\kernel.appcore.dll
0x00007ffb0bbc0000 - 0x00007ffb0bbcb000 	C:\windows\SYSTEM32\CRYPTBASE.dll
0x00007ffb0bb50000 - 0x00007ffb0bbb3000 	C:\windows\SYSTEM32\bcryptPrimitives.dll
0x00007ffafeaa0000 - 0x00007ffafeab2000 	C:\windows\SysWOW64\LskHook64.dll
0x00007ffafcdc0000 - 0x00007ffafcfe1000 	C:\windows\system32\d3d9.dll
0x00007ffb098d0000 - 0x00007ffb09a17000 	C:\windows\SYSTEM32\aticfx64.dll
0x00007ffaed810000 - 0x00007ffaed830000 	C:\windows\SYSTEM32\atiu9p64.dll
0x00007ffae90e0000 - 0x00007ffae9864000 	C:\windows\SYSTEM32\atiumd64.dll
0x000000006c480000 - 0x000000006cef0000 	C:\windows\SYSTEM32\atiumd6a.dll
0x000000006ad60000 - 0x000000006ada7000 	C:\Program Files\Java\jre1.8.0_121\bin\fontmanager.dll
0x00007ffb058a0000 - 0x00007ffb0590a000 	C:\windows\SYSTEM32\oleacc.dll
0x000000006b0c0000 - 0x000000006b0da000 	C:\Program Files\Java\jre1.8.0_121\bin\net.dll
0x00007ffb0b580000 - 0x00007ffb0b5d9000 	C:\windows\system32\mswsock.dll
0x000000006b0a0000 - 0x000000006b0b1000 	C:\Program Files\Java\jre1.8.0_121\bin\nio.dll
0x000000006ad10000 - 0x000000006ad52000 	C:\Program Files\Java\jre1.8.0_121\bin\t2k.dll
0x00007ffb0c3f0000 - 0x00007ffb0c4a6000 	C:\windows\SYSTEM32\clbcatq.dll

VM Arguments:
jvm_args: -Dfile.encoding=Cp1252 
java_command: LeagueInvaders
java_class_path (initial): C:\Users\Student\Documents\GitHub\league-invaders-ChristopherTablas\bin
Launcher Type: SUN_STANDARD

Environment Variables:
PATH=C:/Program Files/Java/jre1.8.0_121/bin/server;C:/Program Files/Java/jre1.8.0_121/bin;C:/Program Files/Java/jre1.8.0_121/lib/amd64;C:\ProgramData\Oracle\Java\javapath;C:\windows\system32;C:\windows;C:\windows\System32\Wbem;C:\windows\System32\WindowsPowerShell\v1.0\;c:\Program Files (x86)\ATI Technologies\ATI.ACE\Core-Static;C:\Program Files\Hewlett-Packard\SimplePass\;C:\Program Files (x86)\Windows Live\Shared;C:\Program Files (x86)\IVI Foundation\VISA\WinNT\Bin;C:\Program Files (x86)\GtkSharp\2.12\bin;C:\windows\system32;
USERNAME=Student
OS=Windows_NT
PROCESSOR_IDENTIFIER=AMD64 Family 22 Model 0 Stepping 1, AuthenticAMD



---------------  S Y S T E M  ---------------

OS: Windows 8.1 , 64 bit Build 9600 (6.3.9600.19326)

CPU:total 4 (4 cores per cpu, 1 threads per core) family 22 model 0 stepping 1, cmov, cx8, fxsr, mmx, sse, sse2, sse3, ssse3, sse4.1, sse4.2, popcnt, avx, aes, clmul, mmxext, 3dnowpref, lzcnt, sse4a, tsc, tscinvbit, tscinv, bmi1

Memory: 4k page, physical 3610196k(502452k free), swap 7804500k(5088k free)

vm_info: Java HotSpot(TM) 64-Bit Server VM (25.121-b13) for windows-amd64 JRE (1.8.0_121-b13), built on Dec 12 2016 18:21:36 by "java_re" with MS VC++ 10.0 (VS2010)

time: Mon Apr 22 13:49:41 2019
elapsed time: 97 seconds (0d 0h 1m 37s)

